#
# There is insufficient memory for the Java Runtime Environment to continue.
# Native memory allocation (malloc) failed to allocate 2097152 bytes for AllocateHeap
# Possible reasons:
#   The system is out of physical RAM or swap space
#   The process is running with CompressedOops enabled, and the Java Heap may be blocking the growth of the native heap
# Possible solutions:
#   Reduce memory load on the system
#   Increase physical memory or swap space
#   Check if swap backing store is full
#   Decrease Java heap size (-Xmx/-Xms)
#   Decrease number of Java threads
#   Decrease Java thread stack sizes (-Xss)
#   Set larger code cache with -XX:ReservedCodeCacheSize=
#   JVM is running with Zero Based Compressed Oops mode in which the Java heap is
#     placed in the first 32GB address space. The Java Heap base address is the
#     maximum limit for the native heap growth. Please use -XX:HeapBaseMinAddress
#     to set the Java Heap base and to place the Java Heap above 32GB virtual address.
# This output file may be truncated or incomplete.
#
#  Out of Memory Error (allocation.cpp:44), pid=16300, tid=15568
#
# JRE version: OpenJDK Runtime Environment Temurin-17.0.3+7 (17.0.3+7) (build 17.0.3+7)
# Java VM: OpenJDK 64-Bit Server VM Temurin-17.0.3+7 (17.0.3+7, mixed mode, emulated-client, tiered, compressed oops, compressed class ptrs, g1 gc, windows-amd64)
# No core dump will be written. Minidumps are not enabled by default on client versions of Windows
#

---------------  S U M M A R Y ------------

Command Line: -Dsts.lsp.client=vscode -Dsts.log.file=/dev/null -XX:TieredStopAtLevel=1 -Dspring.config.location=file:c:\Users\pc-gamer\.vscode\extensions\pivotal.vscode-spring-boot-1.38.0\language-server\BOOT-INF\classes\application.properties org.springframework.ide.vscode.boot.app.BootLanguageServerBootApp

Host: AMD Ryzen 5 5600G with Radeon Graphics         , 12 cores, 13G,  Windows 11 , 64 bit Build 22000 (10.0.22000.675)
Time: Mon Aug 15 20:37:14 2022 Hora oficial do Brasil elapsed time: 10519.534425 seconds (0d 2h 55m 19s)

---------------  T H R E A D  ---------------

Current thread (0x000002aa255e1c80):  VMThread "VM Thread" [stack: 0x000000e189b00000,0x000000e189c00000] [id=15568]

Stack: [0x000000e189b00000,0x000000e189c00000]
Native frames: (J=compiled Java code, j=interpreted, Vv=VM code, C=native code)
V  [jvm.dll+0x675efa]
V  [jvm.dll+0x830a24]
V  [jvm.dll+0x8321ce]
V  [jvm.dll+0x832833]
V  [jvm.dll+0x2454b5]
V  [jvm.dll+0xa6393]
V  [jvm.dll+0x2f5651]
V  [jvm.dll+0x2f12d0]
V  [jvm.dll+0x2d99b7]
V  [jvm.dll+0x31cac7]
V  [jvm.dll+0x836cdb]
V  [jvm.dll+0x837a14]
V  [jvm.dll+0x837f2c]
V  [jvm.dll+0x838304]
V  [jvm.dll+0x8383d0]
V  [jvm.dll+0x7e0cfa]
V  [jvm.dll+0x674d85]
C  [ucrtbase.dll+0x26c0c]
C  [KERNEL32.DLL+0x154e0]
C  [ntdll.dll+0x485b]

VM_Operation (0x000000e18c9fea70): G1CollectFull, mode: safepoint, requested by thread 0x000002aa269e3060


---------------  P R O C E S S  ---------------

Threads class SMR info:
_java_thread_list=0x000002aa286828a0, length=30, elements={
0x000002aa255e87a0, 0x000002aa255e9520, 0x000002aa255ee730, 0x000002aa2604c400,
0x000002aa2604ccc0, 0x000002aa2604d580, 0x000002aa2604de40, 0x000002aa26051c40,
0x000002aa26260f60, 0x000002aa2626fa40, 0x000002aa269e3060, 0x000002aa29eea430,
0x000002aa29eebc40, 0x000002aa29eecf80, 0x000002aa29eeec60, 0x000002aa29eeb770,
0x000002aa29eed920, 0x000002aa29ee90f0, 0x000002aa29eecab0, 0x000002aa29eec110,
0x000002aa29ee9a90, 0x000002aa269e6080, 0x000002aa269e6550, 0x000002aa269e4d40,
0x000002aa269e6a20, 0x000002aa269e3ed0, 0x000002aa269e5bb0, 0x000002aa269e3a00,
0x000002aa269e56e0, 0x000002aa29eeffa0
}

Java Threads: ( => current thread )
  0x000002aa255e87a0 JavaThread "Reference Handler" daemon [_thread_blocked, id=20116, stack(0x000000e189c00000,0x000000e189d00000)]
  0x000002aa255e9520 JavaThread "Finalizer" daemon [_thread_blocked, id=17092, stack(0x000000e189d00000,0x000000e189e00000)]
  0x000002aa255ee730 JavaThread "Signal Dispatcher" daemon [_thread_blocked, id=17156, stack(0x000000e189e00000,0x000000e189f00000)]
  0x000002aa2604c400 JavaThread "Attach Listener" daemon [_thread_blocked, id=23136, stack(0x000000e189f00000,0x000000e18a000000)]
  0x000002aa2604ccc0 JavaThread "Service Thread" daemon [_thread_blocked, id=25952, stack(0x000000e18a000000,0x000000e18a100000)]
  0x000002aa2604d580 JavaThread "Monitor Deflation Thread" daemon [_thread_blocked, id=25448, stack(0x000000e18a100000,0x000000e18a200000)]
  0x000002aa2604de40 JavaThread "C1 CompilerThread0" daemon [_thread_blocked, id=18048, stack(0x000000e18a200000,0x000000e18a300000)]
  0x000002aa26051c40 JavaThread "Sweeper thread" daemon [_thread_blocked, id=22372, stack(0x000000e18a300000,0x000000e18a400000)]
  0x000002aa26260f60 JavaThread "Notification Thread" daemon [_thread_blocked, id=8860, stack(0x000000e18a500000,0x000000e18a600000)]
  0x000002aa2626fa40 JavaThread "Common-Cleaner" daemon [_thread_blocked, id=25816, stack(0x000000e18a700000,0x000000e18a800000)]
  0x000002aa269e3060 JavaThread "pool-7-thread-1" [_thread_blocked, id=12428, stack(0x000000e18c900000,0x000000e18ca00000)]
  0x000002aa29eea430 JavaThread "LanguageServerApp-lifecycle" [_thread_blocked, id=12756, stack(0x000000e18d000000,0x000000e18d100000)]
  0x000002aa29eebc40 JavaThread "DestroyJavaVM" [_thread_blocked, id=7720, stack(0x000000e189500000,0x000000e189600000)]
  0x000002aa29eecf80 JavaThread "pool-8-thread-1" [_thread_in_native, id=21976, stack(0x000000e18d100000,0x000000e18d200000)]
  0x000002aa29eeec60 JavaThread "Simple-Language-Server main thread" daemon [_thread_blocked, id=6880, stack(0x000000e18d200000,0x000000e18d300000)]
  0x000002aa29eeb770 JavaThread "pool-5-thread-1" [_thread_blocked, id=2056, stack(0x000000e18d300000,0x000000e18d400000)]
  0x000002aa29eed920 JavaThread "parallel-1" daemon [_thread_blocked, id=5544, stack(0x000000e18d400000,0x000000e18d500000)]
  0x000002aa29ee90f0 JavaThread "Reconciler-1" daemon [_thread_blocked, id=11380, stack(0x000000e18d500000,0x000000e18d600000)]
  0x000002aa29eecab0 JavaThread "parallel-2" daemon [_thread_blocked, id=6780, stack(0x000000e18d600000,0x000000e18d700000)]
  0x000002aa29eec110 JavaThread "pool-3-thread-1" [_thread_blocked, id=6052, stack(0x000000e18c800000,0x000000e18c900000)]
  0x000002aa29ee9a90 JavaThread "parallel-3" daemon [_thread_blocked, id=19420, stack(0x000000e18d800000,0x000000e18d900000)]
  0x000002aa269e6080 JavaThread "parallel-4" daemon [_thread_blocked, id=21284, stack(0x000000e18a800000,0x000000e18a900000)]
  0x000002aa269e6550 JavaThread "parallel-5" daemon [_thread_blocked, id=25152, stack(0x000000e18a400000,0x000000e18a500000)]
  0x000002aa269e4d40 JavaThread "parallel-6" daemon [_thread_blocked, id=10736, stack(0x000000e18b900000,0x000000e18ba00000)]
  0x000002aa269e6a20 JavaThread "parallel-7" daemon [_thread_blocked, id=26696, stack(0x000000e189400000,0x000000e189500000)]
  0x000002aa269e3ed0 JavaThread "parallel-8" daemon [_thread_blocked, id=4996, stack(0x000000e18ba00000,0x000000e18bb00000)]
  0x000002aa269e5bb0 JavaThread "parallel-9" daemon [_thread_blocked, id=9316, stack(0x000000e18bb00000,0x000000e18bc00000)]
  0x000002aa269e3a00 JavaThread "parallel-10" daemon [_thread_blocked, id=1968, stack(0x000000e18bc00000,0x000000e18bd00000)]
  0x000002aa269e56e0 JavaThread "parallel-11" daemon [_thread_blocked, id=23080, stack(0x000000e18bd00000,0x000000e18be00000)]
  0x000002aa29eeffa0 JavaThread "parallel-12" daemon [_thread_blocked, id=19504, stack(0x000000e18be00000,0x000000e18bf00000)]

Other Threads:
=>0x000002aa255e1c80 VMThread "VM Thread" [stack: 0x000000e189b00000,0x000000e189c00000] [id=15568]
  0x000002aa26266170 WatcherThread [stack: 0x000000e18a600000,0x000000e18a700000] [id=28564]
  0x000002aa125ca060 GCTaskThread "GC Thread#0" [stack: 0x000000e189600000,0x000000e189700000] [id=9508]
  0x000002aa26b20390 GCTaskThread "GC Thread#1" [stack: 0x000000e18aa00000,0x000000e18ab00000] [id=5944]
  0x000002aa26b20640 GCTaskThread "GC Thread#2" [stack: 0x000000e18ab00000,0x000000e18ac00000] [id=11936]
  0x000002aa26bb0360 GCTaskThread "GC Thread#3" [stack: 0x000000e18ac00000,0x000000e18ad00000] [id=16660]
  0x000002aa26ba3440 GCTaskThread "GC Thread#4" [stack: 0x000000e18ad00000,0x000000e18ae00000] [id=10048]
  0x000002aa26bd01d0 GCTaskThread "GC Thread#5" [stack: 0x000000e18ae00000,0x000000e18af00000] [id=26964]
  0x000002aa279af9c0 GCTaskThread "GC Thread#6" [stack: 0x000000e18b000000,0x000000e18b100000] [id=13904]
  0x000002aa279d73a0 GCTaskThread "GC Thread#7" [stack: 0x000000e18b100000,0x000000e18b200000] [id=4860]
  0x000002aa279b4250 GCTaskThread "GC Thread#8" [stack: 0x000000e18b200000,0x000000e18b300000] [id=3756]
  0x000002aa279c1860 GCTaskThread "GC Thread#9" [stack: 0x000000e18b300000,0x000000e18b400000] [id=5148]
  0x000002aa125da4d0 ConcurrentGCThread "G1 Main Marker" [stack: 0x000000e189700000,0x000000e189800000] [id=21852]
  0x000002aa125dc5a0 ConcurrentGCThread "G1 Conc#0" [stack: 0x000000e189800000,0x000000e189900000] [id=2812]
  0x000002aa26a58d40 ConcurrentGCThread "G1 Conc#1" [stack: 0x000000e18b400000,0x000000e18b500000] [id=13276]
  0x000002aa26855310 ConcurrentGCThread "G1 Conc#2" [stack: 0x000000e18b500000,0x000000e18b600000] [id=16892]
  0x000002aa254514c0 ConcurrentGCThread "G1 Refine#0" [stack: 0x000000e189900000,0x000000e189a00000] [id=5940]
  0x000002aa281d5220 ConcurrentGCThread "G1 Refine#1" [stack: 0x000000e18ca00000,0x000000e18cb00000] [id=10060]
  0x000002aa281d5500 ConcurrentGCThread "G1 Refine#2" [stack: 0x000000e18cb00000,0x000000e18cc00000] [id=19764]
  0x000002aa284c06c0 ConcurrentGCThread "G1 Refine#3" [stack: 0x000000e18cc00000,0x000000e18cd00000] [id=9956]
  0x000002aa284c11b0 ConcurrentGCThread "G1 Refine#4" [stack: 0x000000e18cd00000,0x000000e18ce00000] [id=13252]
  0x000002aa284c1490 ConcurrentGCThread "G1 Refine#5" [stack: 0x000000e18ce00000,0x000000e18cf00000] [id=21280]
  0x000002aa27b3dc20 ConcurrentGCThread "G1 Refine#6" [stack: 0x000000e18cf00000,0x000000e18d000000] [id=17260]
  0x000002aa2a230140 ConcurrentGCThread "G1 Refine#7" [stack: 0x000000e18a900000,0x000000e18aa00000] [id=12336]
  0x000002aa2a840170 ConcurrentGCThread "G1 Refine#8" [stack: 0x000000e18af00000,0x000000e18b000000] [id=27676]
  0x000002aa2a231150 ConcurrentGCThread "G1 Refine#9" [stack: 0x000000e18b600000,0x000000e18b700000] [id=7868]
  0x000002aa25451df0 ConcurrentGCThread "G1 Service" [stack: 0x000000e189a00000,0x000000e189b00000] [id=20940]

Threads with active compile tasks:

VM state: at safepoint (normal execution)

VM Mutex/Monitor currently owned by a thread:  ([mutex/lock_event])
[0x000002aa123ba440] Threads_lock - owner thread: 0x000002aa255e1c80
[0x000002aa12568d20] Heap_lock - owner thread: 0x000002aa269e3060

Heap address: 0x0000000722000000, size: 3552 MB, Compressed Oops mode: Zero based, Oop shift amount: 3

CDS archive(s) not mapped
Compressed class space mapped at: 0x0000000800000000-0x0000000840000000, reserved size: 1073741824
Narrow klass base: 0x0000000800000000, Narrow klass shift: 0, Narrow klass range: 0x40000000

GC Precious Log:
 CPUs: 12 total, 12 available
 Memory: 14206M
 Large Page Support: Disabled
 NUMA Support: Disabled
 Compressed Oops: Enabled (Zero based)
 Heap Region Size: 2M
 Heap Min Capacity: 8M
 Heap Initial Capacity: 222M
 Heap Max Capacity: 3552M
 Pre-touch: Disabled
 Parallel Workers: 10
 Concurrent Workers: 3
 Concurrent Refinement Workers: 10
 Periodic GC: Disabled

Heap:
 garbage-first heap   total 110592K, used 35139K [0x0000000722000000, 0x0000000800000000)
  region size 2048K, 1 young (2048K), 0 survivors (0K)
 Metaspace       used 52659K, committed 53056K, reserved 1097728K
  class space    used 6969K, committed 7168K, reserved 1048576K

Heap Regions: E=young(eden), S=young(survivor), O=old, HS=humongous(starts), HC=humongous(continues), CS=collection set, F=free, OA=open archive, CA=closed archive, TAMS=top-at-mark-start (previous, next)
|   0|0x0000000722000000, 0x0000000722200000, 0x0000000722200000|100%| O|  |TAMS 0x0000000722200000, 0x0000000722000000| Untracked 
|   1|0x0000000722200000, 0x00000007223fb680, 0x0000000722400000| 99%| O|  |TAMS 0x00000007223fb680, 0x0000000722200000| Untracked 
|   2|0x0000000722400000, 0x0000000722600000, 0x0000000722600000|100%| O|  |TAMS 0x0000000722600000, 0x0000000722400000| Untracked 
|   3|0x0000000722600000, 0x00000007227fc600, 0x0000000722800000| 99%| O|  |TAMS 0x00000007227fc600, 0x0000000722600000| Untracked 
|   4|0x0000000722800000, 0x00000007229ffff0, 0x0000000722a00000| 99%| O|  |TAMS 0x00000007229ffff0, 0x0000000722800000| Untracked 
|   5|0x0000000722a00000, 0x0000000722bfffc8, 0x0000000722c00000| 99%| O|  |TAMS 0x0000000722bfffc8, 0x0000000722a00000| Untracked 
|   6|0x0000000722c00000, 0x0000000722dfffb0, 0x0000000722e00000| 99%| O|  |TAMS 0x0000000722dfffb0, 0x0000000722c00000| Untracked 
|   7|0x0000000722e00000, 0x0000000722fffff0, 0x0000000723000000| 99%| O|  |TAMS 0x0000000722fffff0, 0x0000000722e00000| Untracked 
|   8|0x0000000723000000, 0x00000007231ffff0, 0x0000000723200000| 99%| O|  |TAMS 0x00000007231ffff0, 0x0000000723000000| Untracked 
|   9|0x0000000723200000, 0x00000007233fffe8, 0x0000000723400000| 99%| O|  |TAMS 0x00000007233fffe8, 0x0000000723200000| Untracked 
|  10|0x0000000723400000, 0x00000007235ff610, 0x0000000723600000| 99%| O|  |TAMS 0x00000007235ff610, 0x0000000723400000| Untracked 
|  11|0x0000000723600000, 0x00000007237fffc8, 0x0000000723800000| 99%| O|  |TAMS 0x00000007237fffc8, 0x0000000723600000| Untracked 
|  12|0x0000000723800000, 0x0000000723a00000, 0x0000000723a00000|100%| O|  |TAMS 0x0000000723a00000, 0x0000000723800000| Untracked 
|  13|0x0000000723a00000, 0x0000000723c00000, 0x0000000723c00000|100%| O|  |TAMS 0x0000000723c00000, 0x0000000723a00000| Untracked 
|  14|0x0000000723c00000, 0x0000000723dffff8, 0x0000000723e00000| 99%| O|  |TAMS 0x0000000723dffff8, 0x0000000723c00000| Untracked 
|  15|0x0000000723e00000, 0x0000000723fef248, 0x0000000724000000| 96%| O|  |TAMS 0x0000000723fef248, 0x0000000723e00000| Untracked 
|  16|0x0000000724000000, 0x0000000724200000, 0x0000000724200000|100%| O|  |TAMS 0x0000000724200000, 0x0000000724000000| Untracked 
|  17|0x0000000724200000, 0x000000072426a800, 0x0000000724400000| 20%| O|  |TAMS 0x0000000724200000, 0x0000000724200000| Untracked 
|  18|0x0000000724400000, 0x0000000724400048, 0x0000000724600000|  0%| O|  |TAMS 0x0000000724400000, 0x0000000724400000| Untracked 
|  19|0x0000000724600000, 0x0000000724600000, 0x0000000724800000|  0%| F|  |TAMS 0x0000000724600000, 0x0000000724600000| Untracked 
|  20|0x0000000724800000, 0x0000000724800000, 0x0000000724a00000|  0%| F|  |TAMS 0x0000000724800000, 0x0000000724800000| Untracked 
|  21|0x0000000724a00000, 0x0000000724a00000, 0x0000000724c00000|  0%| F|  |TAMS 0x0000000724a00000, 0x0000000724a00000| Untracked 
|  22|0x0000000724c00000, 0x0000000724c00000, 0x0000000724e00000|  0%| F|  |TAMS 0x0000000724c00000, 0x0000000724c00000| Untracked 
|  23|0x0000000724e00000, 0x0000000724e00000, 0x0000000725000000|  0%| F|  |TAMS 0x0000000724e00000, 0x0000000724e00000| Untracked 
|  24|0x0000000725000000, 0x0000000725000000, 0x0000000725200000|  0%| F|  |TAMS 0x0000000725000000, 0x0000000725000000| Untracked 
|  25|0x0000000725200000, 0x0000000725200000, 0x0000000725400000|  0%| F|  |TAMS 0x0000000725200000, 0x0000000725200000| Untracked 
|  26|0x0000000725400000, 0x0000000725400000, 0x0000000725600000|  0%| F|  |TAMS 0x0000000725400000, 0x0000000725400000| Untracked 
|  27|0x0000000725600000, 0x0000000725600000, 0x0000000725800000|  0%| F|  |TAMS 0x0000000725600000, 0x0000000725600000| Untracked 
|  28|0x0000000725800000, 0x0000000725800000, 0x0000000725a00000|  0%| F|  |TAMS 0x0000000725800000, 0x0000000725800000| Untracked 
|  29|0x0000000725a00000, 0x0000000725a00000, 0x0000000725c00000|  0%| F|  |TAMS 0x0000000725a00000, 0x0000000725a00000| Untracked 
|  30|0x0000000725c00000, 0x0000000725c00000, 0x0000000725e00000|  0%| F|  |TAMS 0x0000000725c00000, 0x0000000725c00000| Untracked 
|  31|0x0000000725e00000, 0x0000000725e00000, 0x0000000726000000|  0%| F|  |TAMS 0x0000000725e00000, 0x0000000725e00000| Untracked 
|  32|0x0000000726000000, 0x0000000726000000, 0x0000000726200000|  0%| F|  |TAMS 0x0000000726000000, 0x0000000726000000| Untracked 
|  33|0x0000000726200000, 0x0000000726200000, 0x0000000726400000|  0%| F|  |TAMS 0x0000000726200000, 0x0000000726200000| Untracked 
|  34|0x0000000726400000, 0x0000000726400000, 0x0000000726600000|  0%| F|  |TAMS 0x0000000726400000, 0x0000000726400000| Untracked 
|  35|0x0000000726600000, 0x0000000726600000, 0x0000000726800000|  0%| F|  |TAMS 0x0000000726600000, 0x0000000726600000| Untracked 
|  36|0x0000000726800000, 0x0000000726800000, 0x0000000726a00000|  0%| F|  |TAMS 0x0000000726800000, 0x0000000726800000| Untracked 
|  37|0x0000000726a00000, 0x0000000726a00000, 0x0000000726c00000|  0%| F|  |TAMS 0x0000000726a00000, 0x0000000726a00000| Untracked 
|  38|0x0000000726c00000, 0x0000000726c00000, 0x0000000726e00000|  0%| F|  |TAMS 0x0000000726c00000, 0x0000000726c00000| Untracked 
|  39|0x0000000726e00000, 0x0000000726e00000, 0x0000000727000000|  0%| F|  |TAMS 0x0000000726e00000, 0x0000000726e00000| Untracked 
|  40|0x0000000727000000, 0x0000000727000000, 0x0000000727200000|  0%| F|  |TAMS 0x0000000727000000, 0x0000000727000000| Untracked 
|  41|0x0000000727200000, 0x0000000727200000, 0x0000000727400000|  0%| F|  |TAMS 0x0000000727200000, 0x0000000727200000| Untracked 
|  42|0x0000000727400000, 0x0000000727400000, 0x0000000727600000|  0%| F|  |TAMS 0x0000000727400000, 0x0000000727400000| Untracked 
|  43|0x0000000727600000, 0x0000000727600000, 0x0000000727800000|  0%| F|  |TAMS 0x0000000727600000, 0x0000000727600000| Untracked 
|  44|0x0000000727800000, 0x0000000727800000, 0x0000000727a00000|  0%| F|  |TAMS 0x0000000727800000, 0x0000000727800000| Untracked 
|  45|0x0000000727a00000, 0x0000000727a00000, 0x0000000727c00000|  0%| F|  |TAMS 0x0000000727a00000, 0x0000000727a00000| Untracked 
|  46|0x0000000727c00000, 0x0000000727c00000, 0x0000000727e00000|  0%| F|  |TAMS 0x0000000727c00000, 0x0000000727c00000| Untracked 
|  47|0x0000000727e00000, 0x0000000727e00000, 0x0000000728000000|  0%| F|  |TAMS 0x0000000727e00000, 0x0000000727e00000| Untracked 
|  48|0x0000000728000000, 0x0000000728000000, 0x0000000728200000|  0%| F|  |TAMS 0x0000000728000000, 0x0000000728000000| Untracked 
|  49|0x0000000728200000, 0x0000000728200000, 0x0000000728400000|  0%| F|  |TAMS 0x0000000728200000, 0x0000000728200000| Untracked 
|  50|0x0000000728400000, 0x0000000728400000, 0x0000000728600000|  0%| F|  |TAMS 0x0000000728400000, 0x0000000728400000| Untracked 
|  51|0x0000000728600000, 0x0000000728600000, 0x0000000728800000|  0%| F|  |TAMS 0x0000000728600000, 0x0000000728600000| Untracked 
|  52|0x0000000728800000, 0x0000000728800000, 0x0000000728a00000|  0%| F|  |TAMS 0x0000000728800000, 0x0000000728800000| Untracked 
|  53|0x0000000728a00000, 0x0000000728a05080, 0x0000000728c00000|  0%| E|  |TAMS 0x0000000728a00000, 0x0000000728a00000| Complete 

Card table byte_map: [0x000002aa1abe0000,0x000002aa1b2d0000] _byte_map_base: 0x000002aa172d0000

Marking Bits (Prev, Next): (CMBitMap*) 0x000002aa125cb990, (CMBitMap*) 0x000002aa125cb9d0
 Prev Bits: [0x000002aa1b9c0000, 0x000002aa1f140000)
 Next Bits: [0x000002aa1f140000, 0x000002aa228c0000)

Polling page: 0x000002aa12640000

Metaspace:

Usage:
  Non-class:     44.62 MB used.
      Class:      6.81 MB used.
       Both:     51.42 MB used.

Virtual space:
  Non-class space:       48.00 MB reserved,      44.81 MB ( 93%) committed,  6 nodes.
      Class space:        1.00 GB reserved,       7.00 MB ( <1%) committed,  1 nodes.
             Both:        1.05 GB reserved,      51.81 MB (  5%) committed. 

Chunk freelists:
   Non-Class:  2.71 MB
       Class:  1.04 MB
        Both:  3.75 MB

MaxMetaspaceSize: unlimited
CompressedClassSpaceSize: 1.00 GB
Initial GC threshold: 21.00 MB
Current GC threshold: 86.38 MB
CDS: off
MetaspaceReclaimPolicy: balanced
 - commit_granule_bytes: 65536.
 - commit_granule_words: 8192.
 - virtual_space_node_default_size: 1048576.
 - enlarge_chunks_in_place: 1.
 - new_chunks_are_fully_committed: 0.
 - uncommit_free_chunks: 1.
 - use_allocation_guard: 0.
 - handle_deallocations: 1.


Internal statistics:

num_allocs_failed_limit: 6.
num_arena_births: 620.
num_arena_deaths: 240.
num_vsnodes_births: 7.
num_vsnodes_deaths: 0.
num_space_committed: 830.
num_space_uncommitted: 1.
num_chunks_returned_to_freelist: 309.
num_chunks_taken_from_freelist: 2392.
num_chunk_merges: 127.
num_chunk_splits: 1614.
num_chunks_enlarged: 1206.
num_purges: 30.
num_inconsistent_stats: 0.

CodeCache: size=49152Kb used=22886Kb max_used=24440Kb free=26265Kb
 bounds [0x000002aa169e0000, 0x000002aa181c0000, 0x000002aa199e0000]
 total_blobs=11796 nmethods=11182 adapters=539
 compilation: enabled
              stopped_count=0, restarted_count=0
 full_count=0

Compilation events (20 events):
Event: 7903.953 Thread 0x000002aa2604de40 11316       1       org.eclipse.jdt.internal.core.util.CommentRecorderParser::consumeInterfaceHeader (17 bytes)
Event: 7903.953 Thread 0x000002aa2604de40 nmethod 11316 0x000002aa17fba490 code [0x000002aa17fba640, 0x000002aa17fba758]
Event: 7903.953 Thread 0x000002aa2604de40 11317   !   1       org.eclipse.jdt.internal.compiler.lookup.ClassScope::findSupertype (136 bytes)
Event: 7903.954 Thread 0x000002aa2604de40 nmethod 11317 0x000002aa17fb9890 code [0x000002aa17fb9aa0, 0x000002aa17fb9f58]
Event: 7903.954 Thread 0x000002aa2604de40 11318       1       org.eclipse.jdt.internal.compiler.ast.TypeReference::aboutToResolve (1 bytes)
Event: 7903.954 Thread 0x000002aa2604de40 nmethod 11318 0x000002aa17fb9590 code [0x000002aa17fb9720, 0x000002aa17fb97d8]
Event: 7903.954 Thread 0x000002aa2604de40 11319       1       org.eclipse.jdt.internal.compiler.ast.TypeReference::resolveSuperType (62 bytes)
Event: 7903.954 Thread 0x000002aa2604de40 nmethod 11319 0x000002aa17fb8b90 code [0x000002aa17fb8da0, 0x000002aa17fb92e8]
Event: 7903.954 Thread 0x000002aa2604de40 11320       1       org.eclipse.jdt.internal.compiler.ast.TypeReference::resolveType (7 bytes)
Event: 7903.954 Thread 0x000002aa2604de40 nmethod 11320 0x000002aa17fb8890 code [0x000002aa17fb8a20, 0x000002aa17fb8b08]
Event: 7903.954 Thread 0x000002aa2604de40 11321       1       org.eclipse.jdt.internal.compiler.ast.ParameterizedSingleTypeReference::resolveType (9 bytes)
Event: 7903.954 Thread 0x000002aa2604de40 nmethod 11321 0x000002aa17fb8590 code [0x000002aa17fb8720, 0x000002aa17fb8808]
Event: 8241.659 Thread 0x000002aa2604de40 11322       1       org.eclipse.jdt.internal.compiler.problem.ProblemReporter::unusedImport (50 bytes)
Event: 8241.660 Thread 0x000002aa2604de40 nmethod 11322 0x000002aa17fb7d90 code [0x000002aa17fb7f60, 0x000002aa17fb8358]
Event: 8245.525 Thread 0x000002aa2604de40 11323       1       jdk.internal.reflect.ClassFileAssembler::opc_aload_2 (24 bytes)
Event: 8245.525 Thread 0x000002aa2604de40 nmethod 11323 0x000002aa17fb7990 code [0x000002aa17fb7b20, 0x000002aa17fb7c88]
Event: 8245.708 Thread 0x000002aa2604de40 11324       1       org.eclipse.jdt.internal.compiler.lookup.Scope::deferBoundCheck (65 bytes)
Event: 8245.708 Thread 0x000002aa2604de40 nmethod 11324 0x000002aa17fb7090 code [0x000002aa17fb7280, 0x000002aa17fb76d8]
Event: 8245.708 Thread 0x000002aa2604de40 11325       1       org.eclipse.jdt.internal.compiler.ast.ParameterizedSingleTypeReference::checkBounds (51 bytes)
Event: 8245.709 Thread 0x000002aa2604de40 nmethod 11325 0x000002aa17fb6b90 code [0x000002aa17fb6d60, 0x000002aa17fb6f88]

GC Heap History (20 events):
Event: 10417.400 GC heap before
{Heap before GC invocations=859 (full 676):
 garbage-first heap   total 110592K, used 35139K [0x0000000722000000, 0x0000000800000000)
  region size 2048K, 1 young (2048K), 0 survivors (0K)
 Metaspace       used 52659K, committed 53056K, reserved 1097728K
  class space    used 6969K, committed 7168K, reserved 1048576K
}
Event: 10417.441 GC heap after
{Heap after GC invocations=860 (full 677):
 garbage-first heap   total 110592K, used 35139K [0x0000000722000000, 0x0000000800000000)
  region size 2048K, 0 young (0K), 0 survivors (0K)
 Metaspace       used 52659K, committed 53056K, reserved 1097728K
  class space    used 6969K, committed 7168K, reserved 1048576K
}
Event: 10427.567 GC heap before
{Heap before GC invocations=860 (full 677):
 garbage-first heap   total 110592K, used 35139K [0x0000000722000000, 0x0000000800000000)
  region size 2048K, 1 young (2048K), 0 survivors (0K)
 Metaspace       used 52659K, committed 53056K, reserved 1097728K
  class space    used 6969K, committed 7168K, reserved 1048576K
}
Event: 10427.611 GC heap after
{Heap after GC invocations=861 (full 678):
 garbage-first heap   total 110592K, used 35139K [0x0000000722000000, 0x0000000800000000)
  region size 2048K, 0 young (0K), 0 survivors (0K)
 Metaspace       used 52659K, committed 53056K, reserved 1097728K
  class space    used 6969K, committed 7168K, reserved 1048576K
}
Event: 10437.762 GC heap before
{Heap before GC invocations=861 (full 678):
 garbage-first heap   total 110592K, used 35139K [0x0000000722000000, 0x0000000800000000)
  region size 2048K, 1 young (2048K), 0 survivors (0K)
 Metaspace       used 52659K, committed 53056K, reserved 1097728K
  class space    used 6969K, committed 7168K, reserved 1048576K
}
Event: 10437.923 GC heap after
{Heap after GC invocations=862 (full 679):
 garbage-first heap   total 110592K, used 35139K [0x0000000722000000, 0x0000000800000000)
  region size 2048K, 0 young (0K), 0 survivors (0K)
 Metaspace       used 52659K, committed 53056K, reserved 1097728K
  class space    used 6969K, committed 7168K, reserved 1048576K
}
Event: 10448.069 GC heap before
{Heap before GC invocations=862 (full 679):
 garbage-first heap   total 110592K, used 35139K [0x0000000722000000, 0x0000000800000000)
  region size 2048K, 1 young (2048K), 0 survivors (0K)
 Metaspace       used 52659K, committed 53056K, reserved 1097728K
  class space    used 6969K, committed 7168K, reserved 1048576K
}
Event: 10448.110 GC heap after
{Heap after GC invocations=863 (full 680):
 garbage-first heap   total 110592K, used 35139K [0x0000000722000000, 0x0000000800000000)
  region size 2048K, 0 young (0K), 0 survivors (0K)
 Metaspace       used 52659K, committed 53056K, reserved 1097728K
  class space    used 6969K, committed 7168K, reserved 1048576K
}
Event: 10458.270 GC heap before
{Heap before GC invocations=863 (full 680):
 garbage-first heap   total 110592K, used 35139K [0x0000000722000000, 0x0000000800000000)
  region size 2048K, 1 young (2048K), 0 survivors (0K)
 Metaspace       used 52659K, committed 53056K, reserved 1097728K
  class space    used 6969K, committed 7168K, reserved 1048576K
}
Event: 10458.323 GC heap after
{Heap after GC invocations=864 (full 681):
 garbage-first heap   total 110592K, used 35139K [0x0000000722000000, 0x0000000800000000)
  region size 2048K, 0 young (0K), 0 survivors (0K)
 Metaspace       used 52659K, committed 53056K, reserved 1097728K
  class space    used 6969K, committed 7168K, reserved 1048576K
}
Event: 10468.481 GC heap before
{Heap before GC invocations=864 (full 681):
 garbage-first heap   total 110592K, used 35139K [0x0000000722000000, 0x0000000800000000)
  region size 2048K, 1 young (2048K), 0 survivors (0K)
 Metaspace       used 52659K, committed 53056K, reserved 1097728K
  class space    used 6969K, committed 7168K, reserved 1048576K
}
Event: 10468.540 GC heap after
{Heap after GC invocations=865 (full 682):
 garbage-first heap   total 110592K, used 35139K [0x0000000722000000, 0x0000000800000000)
  region size 2048K, 0 young (0K), 0 survivors (0K)
 Metaspace       used 52659K, committed 53056K, reserved 1097728K
  class space    used 6969K, committed 7168K, reserved 1048576K
}
Event: 10478.709 GC heap before
{Heap before GC invocations=865 (full 682):
 garbage-first heap   total 110592K, used 35139K [0x0000000722000000, 0x0000000800000000)
  region size 2048K, 1 young (2048K), 0 survivors (0K)
 Metaspace       used 52659K, committed 53056K, reserved 1097728K
  class space    used 6969K, committed 7168K, reserved 1048576K
}
Event: 10478.754 GC heap after
{Heap after GC invocations=866 (full 683):
 garbage-first heap   total 110592K, used 35139K [0x0000000722000000, 0x0000000800000000)
  region size 2048K, 0 young (0K), 0 survivors (0K)
 Metaspace       used 52659K, committed 53056K, reserved 1097728K
  class space    used 6969K, committed 7168K, reserved 1048576K
}
Event: 10488.906 GC heap before
{Heap before GC invocations=866 (full 683):
 garbage-first heap   total 110592K, used 35139K [0x0000000722000000, 0x0000000800000000)
  region size 2048K, 1 young (2048K), 0 survivors (0K)
 Metaspace       used 52659K, committed 53056K, reserved 1097728K
  class space    used 6969K, committed 7168K, reserved 1048576K
}
Event: 10488.950 GC heap after
{Heap after GC invocations=867 (full 684):
 garbage-first heap   total 110592K, used 35139K [0x0000000722000000, 0x0000000800000000)
  region size 2048K, 0 young (0K), 0 survivors (0K)
 Metaspace       used 52659K, committed 53056K, reserved 1097728K
  class space    used 6969K, committed 7168K, reserved 1048576K
}
Event: 10499.107 GC heap before
{Heap before GC invocations=867 (full 684):
 garbage-first heap   total 110592K, used 35139K [0x0000000722000000, 0x0000000800000000)
  region size 2048K, 1 young (2048K), 0 survivors (0K)
 Metaspace       used 52659K, committed 53056K, reserved 1097728K
  class space    used 6969K, committed 7168K, reserved 1048576K
}
Event: 10499.155 GC heap after
{Heap after GC invocations=868 (full 685):
 garbage-first heap   total 110592K, used 35139K [0x0000000722000000, 0x0000000800000000)
  region size 2048K, 0 young (0K), 0 survivors (0K)
 Metaspace       used 52659K, committed 53056K, reserved 1097728K
  class space    used 6969K, committed 7168K, reserved 1048576K
}
Event: 10509.237 GC heap before
{Heap before GC invocations=868 (full 685):
 garbage-first heap   total 110592K, used 35139K [0x0000000722000000, 0x0000000800000000)
  region size 2048K, 1 young (2048K), 0 survivors (0K)
 Metaspace       used 52659K, committed 53056K, reserved 1097728K
  class space    used 6969K, committed 7168K, reserved 1048576K
}
Event: 10509.267 GC heap after
{Heap after GC invocations=869 (full 686):
 garbage-first heap   total 110592K, used 35139K [0x0000000722000000, 0x0000000800000000)
  region size 2048K, 0 young (0K), 0 survivors (0K)
 Metaspace       used 52659K, committed 53056K, reserved 1097728K
  class space    used 6969K, committed 7168K, reserved 1048576K
}

Deoptimization events (20 events):
Event: 4332.817 Thread 0x000002aa29eea900 DEOPT PACKING pc=0x000002aa17e22697 sp=0x000000e18b8fd350
Event: 4332.817 Thread 0x000002aa29eea900 DEOPT UNPACKING pc=0x000002aa16a32b43 sp=0x000000e18b8fcd88 mode 3
Event: 4343.071 Thread 0x000002aa29eea900 DEOPT PACKING pc=0x000002aa17e12fdd sp=0x000000e18b8fdd70
Event: 4343.071 Thread 0x000002aa29eea900 DEOPT UNPACKING pc=0x000002aa16a32b43 sp=0x000000e18b8fd270 mode 3
Event: 4469.567 Thread 0x000002aa29eefad0 DEOPT PACKING pc=0x000002aa17d6cb84 sp=0x000000e18b7fdd40
Event: 4469.567 Thread 0x000002aa29eefad0 DEOPT UNPACKING pc=0x000002aa16a32b43 sp=0x000000e18b7fd278 mode 0
Event: 4532.874 Thread 0x000002aa29eec110 DEOPT PACKING pc=0x000002aa17e1dfa0 sp=0x000000e18c8fe5f0
Event: 4532.874 Thread 0x000002aa29eec110 DEOPT UNPACKING pc=0x000002aa16a32b43 sp=0x000000e18c8fdc38 mode 3
Event: 4949.354 Thread 0x000002aa29ee9f60 DEOPT PACKING pc=0x000002aa18074a9f sp=0x000000e1892fd740
Event: 4949.354 Thread 0x000002aa29ee9f60 DEOPT UNPACKING pc=0x000002aa16a32b43 sp=0x000000e1892fcc48 mode 3
Event: 6524.128 Thread 0x000002aa29eefad0 DEOPT PACKING pc=0x000002aa173e8751 sp=0x000000e18b7fd7d0
Event: 6524.128 Thread 0x000002aa29eefad0 DEOPT UNPACKING pc=0x000002aa16a32b43 sp=0x000000e18b7fccb8 mode 3
Event: 6524.128 Thread 0x000002aa29eefad0 DEOPT PACKING pc=0x000002aa17dab15b sp=0x000000e18b7fd850
Event: 6524.128 Thread 0x000002aa29eefad0 DEOPT UNPACKING pc=0x000002aa16a32b43 sp=0x000000e18b7fcd20 mode 3
Event: 7063.404 Thread 0x000002aa29eec110 DEOPT PACKING pc=0x000002aa17f3c4c0 sp=0x000000e18c8fd0e0
Event: 7063.404 Thread 0x000002aa29eec110 DEOPT UNPACKING pc=0x000002aa16a32b43 sp=0x000000e18c8fc550 mode 3
Event: 7066.039 Thread 0x000002aa29eefad0 DEOPT PACKING pc=0x000002aa17f0aff5 sp=0x000000e1893fc8b0
Event: 7066.039 Thread 0x000002aa29eefad0 DEOPT UNPACKING pc=0x000002aa16a32b43 sp=0x000000e1893fbde0 mode 3
Event: 7170.790 Thread 0x000002aa29eee790 DEOPT PACKING pc=0x000002aa17c1e3ca sp=0x000000e18b7fdde0
Event: 7170.790 Thread 0x000002aa29eee790 DEOPT UNPACKING pc=0x000002aa16a32b43 sp=0x000000e18b7fd328 mode 3

Classes unloaded (20 events):
Event: 7793.390 Thread 0x000002aa255e1c80 Unloading class 0x00000008006ed800 'jdk/internal/reflect/GeneratedMethodAccessor59'
Event: 7793.390 Thread 0x000002aa255e1c80 Unloading class 0x00000008006f1400 'jdk/internal/reflect/GeneratedMethodAccessor58'
Event: 7793.390 Thread 0x000002aa255e1c80 Unloading class 0x00000008006f1000 'jdk/internal/reflect/GeneratedMethodAccessor57'
Event: 7793.390 Thread 0x000002aa255e1c80 Unloading class 0x00000008006f8400 'jdk/internal/reflect/GeneratedConstructorAccessor62'
Event: 7983.978 Thread 0x000002aa255e1c80 Unloading class 0x00000008006f1400 'jdk/internal/reflect/GeneratedMethodAccessor66'
Event: 7983.978 Thread 0x000002aa255e1c80 Unloading class 0x00000008006f1000 'jdk/internal/reflect/GeneratedConstructorAccessor66'
Event: 7983.978 Thread 0x000002aa255e1c80 Unloading class 0x00000008006edc00 'jdk/internal/reflect/GeneratedMethodAccessor65'
Event: 7983.978 Thread 0x000002aa255e1c80 Unloading class 0x00000008006ed800 'jdk/internal/reflect/GeneratedConstructorAccessor65'
Event: 7983.978 Thread 0x000002aa255e1c80 Unloading class 0x00000008006f8c00 'jdk/internal/reflect/GeneratedMethodAccessor64'
Event: 7983.978 Thread 0x000002aa255e1c80 Unloading class 0x00000008006f8800 'jdk/internal/reflect/GeneratedMethodAccessor63'
Event: 7983.978 Thread 0x000002aa255e1c80 Unloading class 0x00000008006f8400 'jdk/internal/reflect/GeneratedMethodAccessor62'
Event: 7994.104 Thread 0x000002aa255e1c80 Unloading class 0x00000008006f0000 'jdk/internal/reflect/GeneratedConstructorAccessor67'
Event: 8367.622 Thread 0x000002aa255e1c80 Unloading class 0x00000008006f8c00 'jdk/internal/reflect/GeneratedMethodAccessor71'
Event: 8367.622 Thread 0x000002aa255e1c80 Unloading class 0x00000008006f8800 'jdk/internal/reflect/GeneratedConstructorAccessor69'
Event: 8367.622 Thread 0x000002aa255e1c80 Unloading class 0x00000008006edc00 'jdk/internal/reflect/GeneratedMethodAccessor70'
Event: 8367.622 Thread 0x000002aa255e1c80 Unloading class 0x00000008006ed800 'jdk/internal/reflect/GeneratedConstructorAccessor68'
Event: 8367.622 Thread 0x000002aa255e1c80 Unloading class 0x00000008006f1400 'jdk/internal/reflect/GeneratedMethodAccessor69'
Event: 8367.622 Thread 0x000002aa255e1c80 Unloading class 0x00000008006f1000 'jdk/internal/reflect/GeneratedMethodAccessor68'
Event: 8367.622 Thread 0x000002aa255e1c80 Unloading class 0x00000008006f8400 'jdk/internal/reflect/GeneratedMethodAccessor67'
Event: 8377.734 Thread 0x000002aa255e1c80 Unloading class 0x00000008006f0000 'jdk/internal/reflect/GeneratedConstructorAccessor70'

Classes redefined (0 events):
No events

Internal exceptions (20 events):
Event: 78.809 Thread 0x000002aa269e3060 Exception <a 'java/lang/NoSuchMethodError'{0x000000073df75d40}: 'java.lang.Object java.lang.invoke.DirectMethodHandle$Holder.newInvokeSpecial(java.lang.Object, java.lang.Object, long)'> (0x000000073df75d40) 
thrown [e:\jenkins\tmp\workspace\build\src\src\hotspot\share\interpreter\linkResolver.cpp, line 766]
Event: 1110.668 Thread 0x000002aa269e43a0 Implicit null exception at 0x000002aa1742570c to 0x000002aa1742581b
Event: 1113.768 Thread 0x000002aa269e43a0 Exception <a 'java/lang/NoSuchMethodError'{0x0000000728611d48}: 'java.lang.Object java.lang.invoke.DirectMethodHandle$Holder.newInvokeSpecial(java.lang.Object, java.lang.Object, java.lang.Object, java.lang.Object, java.lang.Object, java.lang.Object, java.lang.Object)'> (0x0000000728611d48) 
thrown [e:\jenkins\tmp\workspace\build\src\src\hotspot\share\interpreter\linkResolver.cpp, line 766]
Event: 1113.769 Thread 0x000002aa269e43a0 Exception <a 'java/lang/NoSuchMethodError'{0x0000000728616658}: 'java.lang.Object java.lang.invoke.Invokers$Holder.linkToTargetMethod(java.lang.Object, java.lang.Object, java.lang.Object, java.lang.Object, java.lang.Object, java.lang.Object, java.lang.Object)'> (0x0000000728616658) 
thrown [e:\jenkins\tmp\workspace\build\src\src\hotspot\share\interpreter\linkResolver.cpp, line 766]
Event: 1114.406 Thread 0x000002aa269e5bb0 Implicit null exception at 0x000002aa17032004 to 0x000002aa17032601
Event: 1973.540 Thread 0x000002aa269e3530 Exception <a 'java/lang/NoSuchMethodError'{0x0000000727bc8020}: 'java.lang.Object java.lang.invoke.DirectMethodHandle$Holder.invokeSpecial(java.lang.Object, java.lang.Object, int, java.lang.Object, java.lang.Object)'> (0x0000000727bc8020) 
thrown [e:\jenkins\tmp\workspace\build\src\src\hotspot\share\interpreter\linkResolver.cpp, line 766]
Event: 1973.822 Thread 0x000002aa269e43a0 Implicit null exception at 0x000002aa17547862 to 0x000002aa17547ae5
Event: 1975.180 Thread 0x000002aa269e5210 Implicit null exception at 0x000002aa17519bf4 to 0x000002aa1751a82e
Event: 4119.243 Thread 0x000002aa29eea900 Implicit null exception at 0x000002aa17468916 to 0x000002aa1746a400
Event: 4129.632 Thread 0x000002aa29eea900 Implicit null exception at 0x000002aa179bb34a to 0x000002aa179bbc58
Event: 4237.991 Thread 0x000002aa29eea900 Implicit null exception at 0x000002aa17b8aae2 to 0x000002aa17b8ae7b
Event: 4303.908 Thread 0x000002aa29eeddf0 Implicit null exception at 0x000002aa17d97890 to 0x000002aa17d98002
Event: 4343.071 Thread 0x000002aa29eea900 Implicit null exception at 0x000002aa17e12697 to 0x000002aa17e12fd8
Event: 4532.874 Thread 0x000002aa29eec110 Implicit null exception at 0x000002aa17e1c9c2 to 0x000002aa17e1df9b
Event: 4949.354 Thread 0x000002aa29ee9f60 Implicit null exception at 0x000002aa18074803 to 0x000002aa18074a9a
Event: 6524.128 Thread 0x000002aa29eefad0 Implicit null exception at 0x000002aa173e8542 to 0x000002aa173e874c
Event: 6524.128 Thread 0x000002aa29eefad0 Implicit null exception at 0x000002aa17da9d25 to 0x000002aa17dab156
Event: 7063.404 Thread 0x000002aa29eec110 Implicit null exception at 0x000002aa17f3c31d to 0x000002aa17f3c4bb
Event: 7066.039 Thread 0x000002aa29eefad0 Implicit null exception at 0x000002aa17f0abed to 0x000002aa17f0aff0
Event: 7170.790 Thread 0x000002aa29eee790 Implicit null exception at 0x000002aa17c1d77d to 0x000002aa17c1e3c5

VM Operations (20 events):
Event: 10417.441 Executing VM operation: G1CollectFull done
Event: 10427.567 Executing VM operation: G1CollectFull
Event: 10427.611 Executing VM operation: G1CollectFull done
Event: 10437.762 Executing VM operation: G1CollectFull
Event: 10437.923 Executing VM operation: G1CollectFull done
Event: 10448.069 Executing VM operation: G1CollectFull
Event: 10448.110 Executing VM operation: G1CollectFull done
Event: 10458.270 Executing VM operation: G1CollectFull
Event: 10458.323 Executing VM operation: G1CollectFull done
Event: 10468.481 Executing VM operation: G1CollectFull
Event: 10468.540 Executing VM operation: G1CollectFull done
Event: 10478.709 Executing VM operation: G1CollectFull
Event: 10478.754 Executing VM operation: G1CollectFull done
Event: 10488.906 Executing VM operation: G1CollectFull
Event: 10488.951 Executing VM operation: G1CollectFull done
Event: 10499.107 Executing VM operation: G1CollectFull
Event: 10499.155 Executing VM operation: G1CollectFull done
Event: 10509.237 Executing VM operation: G1CollectFull
Event: 10509.267 Executing VM operation: G1CollectFull done
Event: 10519.350 Executing VM operation: G1CollectFull

Events (20 events):
Event: 8861.804 Thread 0x000002aa29eed450 Thread added: 0x000002aa29eed450
Event: 8861.808 Thread 0x000002aa29eee790 Thread added: 0x000002aa29eee790
Event: 8864.147 Thread 0x000002aa29eea900 Thread added: 0x000002aa29eea900
Event: 8864.147 Thread 0x000002aa29eef600 Thread added: 0x000002aa29eef600
Event: 8932.700 Thread 0x000002aa29eee790 Thread exited: 0x000002aa29eee790
Event: 8935.535 Thread 0x000002aa29eea900 Thread exited: 0x000002aa29eea900
Event: 8935.535 Thread 0x000002aa29eed450 Thread exited: 0x000002aa29eed450
Event: 8991.843 Thread 0x000002aa29ee95c0 Thread added: 0x000002aa29ee95c0
Event: 8991.846 Thread 0x000002aa29eefad0 Thread added: 0x000002aa29eefad0
Event: 8995.538 Thread 0x000002aa29eef600 Thread exited: 0x000002aa29eef600
Event: 9051.863 Thread 0x000002aa29eefad0 Thread exited: 0x000002aa29eefad0
Event: 9051.863 Thread 0x000002aa29ee95c0 Thread exited: 0x000002aa29ee95c0
Event: 9355.631 Thread 0x000002aa29eefad0 Thread added: 0x000002aa29eefad0
Event: 9355.634 Thread 0x000002aa29ef0470 Thread added: 0x000002aa29ef0470
Event: 9415.640 Thread 0x000002aa29ef0470 Thread exited: 0x000002aa29ef0470
Event: 9415.640 Thread 0x000002aa29eefad0 Thread exited: 0x000002aa29eefad0
Event: 9625.074 Thread 0x000002aa29ee95c0 Thread added: 0x000002aa29ee95c0
Event: 9625.077 Thread 0x000002aa29eea900 Thread added: 0x000002aa29eea900
Event: 9685.083 Thread 0x000002aa29ee95c0 Thread exited: 0x000002aa29ee95c0
Event: 9685.083 Thread 0x000002aa29eea900 Thread exited: 0x000002aa29eea900


Dynamic libraries:
0x00007ff7b4c10000 - 0x00007ff7b4c1e000 	c:\Users\pc-gamer\.vscode\extensions\redhat.java-1.9.0-win32-x64\jre\17.0.3-win32-x86_64\bin\java.exe
0x00007fff56a80000 - 0x00007fff56c89000 	C:\WINDOWS\SYSTEM32\ntdll.dll
0x00007fff55bb0000 - 0x00007fff55c6d000 	C:\WINDOWS\System32\KERNEL32.DLL
0x00007fff542f0000 - 0x00007fff54669000 	C:\WINDOWS\System32\KERNELBASE.dll
0x00007fff54670000 - 0x00007fff54781000 	C:\WINDOWS\System32\ucrtbase.dll
0x00007fff51360000 - 0x00007fff51378000 	c:\Users\pc-gamer\.vscode\extensions\redhat.java-1.9.0-win32-x64\jre\17.0.3-win32-x86_64\bin\jli.dll
0x00007fff50de0000 - 0x00007fff50df9000 	c:\Users\pc-gamer\.vscode\extensions\redhat.java-1.9.0-win32-x64\jre\17.0.3-win32-x86_64\bin\VCRUNTIME140.dll
0x00007fff56160000 - 0x00007fff5630c000 	C:\WINDOWS\System32\USER32.dll
0x00007fff40580000 - 0x00007fff40825000 	C:\WINDOWS\WinSxS\amd64_microsoft.windows.common-controls_6595b64144ccf1df_6.0.22000.120_none_9d947278b86cc467\COMCTL32.dll
0x00007fff542c0000 - 0x00007fff542e6000 	C:\WINDOWS\System32\win32u.dll
0x00007fff55d20000 - 0x00007fff55dc3000 	C:\WINDOWS\System32\msvcrt.dll
0x00007fff54ed0000 - 0x00007fff54ef9000 	C:\WINDOWS\System32\GDI32.dll
0x00007fff54800000 - 0x00007fff54912000 	C:\WINDOWS\System32\gdi32full.dll
0x00007fff54030000 - 0x00007fff540cd000 	C:\WINDOWS\System32\msvcp_win.dll
0x00007fff55ce0000 - 0x00007fff55d11000 	C:\WINDOWS\System32\IMM32.DLL
0x00007fff511a0000 - 0x00007fff511ac000 	c:\Users\pc-gamer\.vscode\extensions\redhat.java-1.9.0-win32-x64\jre\17.0.3-win32-x86_64\bin\vcruntime140_1.dll
0x00007fff2c6f0000 - 0x00007fff2c781000 	c:\Users\pc-gamer\.vscode\extensions\redhat.java-1.9.0-win32-x64\jre\17.0.3-win32-x86_64\bin\msvcp140.dll
0x00007fff02560000 - 0x00007fff031a8000 	c:\Users\pc-gamer\.vscode\extensions\redhat.java-1.9.0-win32-x64\jre\17.0.3-win32-x86_64\bin\server\jvm.dll
0x00007fff566b0000 - 0x00007fff5675e000 	C:\WINDOWS\System32\ADVAPI32.dll
0x00007fff567d0000 - 0x00007fff5686e000 	C:\WINDOWS\System32\sechost.dll
0x00007fff55fa0000 - 0x00007fff560c0000 	C:\WINDOWS\System32\RPCRT4.dll
0x00007fff556b0000 - 0x00007fff556b8000 	C:\WINDOWS\System32\PSAPI.DLL
0x00007fff510d0000 - 0x00007fff510d9000 	C:\WINDOWS\SYSTEM32\WSOCK32.dll
0x00007fff4f010000 - 0x00007fff4f01a000 	C:\WINDOWS\SYSTEM32\VERSION.dll
0x00007fff4c6c0000 - 0x00007fff4c6f3000 	C:\WINDOWS\SYSTEM32\WINMM.dll
0x00007fff56760000 - 0x00007fff567cf000 	C:\WINDOWS\System32\WS2_32.dll
0x00007fff53070000 - 0x00007fff53088000 	C:\WINDOWS\SYSTEM32\kernel.appcore.dll
0x00007fff50e20000 - 0x00007fff50e2a000 	c:\Users\pc-gamer\.vscode\extensions\redhat.java-1.9.0-win32-x64\jre\17.0.3-win32-x86_64\bin\jimage.dll
0x00007fff4f600000 - 0x00007fff4f821000 	C:\WINDOWS\SYSTEM32\DBGHELP.DLL
0x00007fff42f10000 - 0x00007fff42f41000 	C:\WINDOWS\SYSTEM32\dbgcore.DLL
0x00007fff540d0000 - 0x00007fff5414f000 	C:\WINDOWS\System32\bcryptPrimitives.dll
0x00007fff4b430000 - 0x00007fff4b455000 	c:\Users\pc-gamer\.vscode\extensions\redhat.java-1.9.0-win32-x64\jre\17.0.3-win32-x86_64\bin\java.dll
0x00007fff50200000 - 0x00007fff50218000 	c:\Users\pc-gamer\.vscode\extensions\redhat.java-1.9.0-win32-x64\jre\17.0.3-win32-x86_64\bin\zip.dll
0x00007fff54f00000 - 0x00007fff556af000 	C:\WINDOWS\System32\SHELL32.dll
0x00007fff520e0000 - 0x00007fff52948000 	C:\WINDOWS\SYSTEM32\windows.storage.dll
0x00007fff55830000 - 0x00007fff55ba8000 	C:\WINDOWS\System32\combase.dll
0x00007fff51f70000 - 0x00007fff520d6000 	C:\WINDOWS\SYSTEM32\wintypes.dll
0x00007fff56950000 - 0x00007fff56a3a000 	C:\WINDOWS\System32\SHCORE.dll
0x00007fff564b0000 - 0x00007fff5650d000 	C:\WINDOWS\System32\shlwapi.dll
0x00007fff53ea0000 - 0x00007fff53ec1000 	C:\WINDOWS\SYSTEM32\profapi.dll
0x00007fff4b520000 - 0x00007fff4b539000 	C:\Users\pc-gamer\.vscode\extensions\redhat.java-1.9.0-win32-x64\jre\17.0.3-win32-x86_64\bin\net.dll
0x00007fff4da40000 - 0x00007fff4db4c000 	C:\WINDOWS\SYSTEM32\WINHTTP.dll
0x00007fff534a0000 - 0x00007fff53507000 	C:\WINDOWS\system32\mswsock.dll
0x00007fff48fb0000 - 0x00007fff48fc5000 	C:\Users\pc-gamer\.vscode\extensions\redhat.java-1.9.0-win32-x64\jre\17.0.3-win32-x86_64\bin\nio.dll
0x00007fff4c570000 - 0x00007fff4c580000 	c:\Users\pc-gamer\.vscode\extensions\redhat.java-1.9.0-win32-x64\jre\17.0.3-win32-x86_64\bin\verify.dll
0x00007fff4b220000 - 0x00007fff4b229000 	C:\Users\pc-gamer\.vscode\extensions\redhat.java-1.9.0-win32-x64\jre\17.0.3-win32-x86_64\bin\management.dll
0x00007fff48ee0000 - 0x00007fff48eeb000 	C:\Users\pc-gamer\.vscode\extensions\redhat.java-1.9.0-win32-x64\jre\17.0.3-win32-x86_64\bin\management_ext.dll
0x00007fff38a00000 - 0x00007fff38a17000 	C:\WINDOWS\system32\napinsp.dll
0x00007fff38a20000 - 0x00007fff38a3b000 	C:\WINDOWS\system32\pnrpnsp.dll
0x00007fff52bd0000 - 0x00007fff52cb8000 	C:\WINDOWS\SYSTEM32\DNSAPI.dll
0x00007fff52ba0000 - 0x00007fff52bcd000 	C:\WINDOWS\SYSTEM32\IPHLPAPI.DLL
0x00007fff55f90000 - 0x00007fff55f99000 	C:\WINDOWS\System32\NSI.dll
0x00007fff38a40000 - 0x00007fff38a52000 	C:\WINDOWS\System32\winrnr.dll
0x00007fff35bc0000 - 0x00007fff35bd5000 	C:\WINDOWS\system32\wshbth.dll
0x00007fff35a90000 - 0x00007fff35aaf000 	C:\WINDOWS\system32\nlansp_c.dll
0x00007fff4bc00000 - 0x00007fff4bc0a000 	C:\Windows\System32\rasadhlp.dll
0x00007fff4c890000 - 0x00007fff4c911000 	C:\WINDOWS\System32\fwpuclnt.dll
0x00007fff536f0000 - 0x00007fff53708000 	C:\WINDOWS\SYSTEM32\CRYPTSP.dll
0x00007fff52fd0000 - 0x00007fff53005000 	C:\WINDOWS\system32\rsaenh.dll
0x00007fff53590000 - 0x00007fff535b9000 	C:\WINDOWS\SYSTEM32\USERENV.dll
0x00007fff53860000 - 0x00007fff53887000 	C:\WINDOWS\SYSTEM32\bcrypt.dll
0x00007fff536e0000 - 0x00007fff536ec000 	C:\WINDOWS\SYSTEM32\CRYPTBASE.dll
0x00007fff4dc30000 - 0x00007fff4dc49000 	C:\WINDOWS\SYSTEM32\dhcpcsvc6.DLL
0x00007fff4dcd0000 - 0x00007fff4dcee000 	C:\WINDOWS\SYSTEM32\dhcpcsvc.DLL

dbghelp: loaded successfully - version: 4.0.5 - missing functions: none
symbol engine: initialized successfully - sym options: 0x614 - pdb path: .;c:\Users\pc-gamer\.vscode\extensions\redhat.java-1.9.0-win32-x64\jre\17.0.3-win32-x86_64\bin;C:\WINDOWS\SYSTEM32;C:\WINDOWS\WinSxS\amd64_microsoft.windows.common-controls_6595b64144ccf1df_6.0.22000.120_none_9d947278b86cc467;c:\Users\pc-gamer\.vscode\extensions\redhat.java-1.9.0-win32-x64\jre\17.0.3-win32-x86_64\bin\server

VM Arguments:
jvm_args: -Dsts.lsp.client=vscode -Dsts.log.file=/dev/null -XX:TieredStopAtLevel=1 -Dspring.config.location=file:c:\Users\pc-gamer\.vscode\extensions\pivotal.vscode-spring-boot-1.38.0\language-server\BOOT-INF\classes\application.properties 
java_command: org.springframework.ide.vscode.boot.app.BootLanguageServerBootApp
java_class_path (initial): c:\Users\pc-gamer\.vscode\extensions\pivotal.vscode-spring-boot-1.38.0\language-server\BOOT-INF\classes;c:\Users\pc-gamer\.vscode\extensions\pivotal.vscode-spring-boot-1.38.0\language-server\BOOT-INF\lib\annotations-23.0.0.jar;c:\Users\pc-gamer\.vscode\extensions\pivotal.vscode-spring-boot-1.38.0\language-server\BOOT-INF\lib\antlr-runtime-3.5.2.jar;c:\Users\pc-gamer\.vscode\extensions\pivotal.vscode-spring-boot-1.38.0\language-server\BOOT-INF\lib\antlr4-4.9.3.jar;c:\Users\pc-gamer\.vscode\extensions\pivotal.vscode-spring-boot-1.38.0\language-server\BOOT-INF\lib\antlr4-runtime-4.9.3.jar;c:\Users\pc-gamer\.vscode\extensions\pivotal.vscode-spring-boot-1.38.0\language-server\BOOT-INF\lib\asm-9.3.jar;c:\Users\pc-gamer\.vscode\extensions\pivotal.vscode-spring-boot-1.38.0\language-server\BOOT-INF\lib\asm-analysis-9.3.jar;c:\Users\pc-gamer\.vscode\extensions\pivotal.vscode-spring-boot-1.38.0\language-server\BOOT-INF\lib\asm-tree-9.3.jar;c:\Users\pc-gamer\.vscode\extensions\pivotal.vscode-spring-boot-1.38.0\language-server\BOOT-INF\lib\asm-util-9.3.jar;c:\Users\pc-gamer\.vscode\extensions\pivotal.vscode-spring-boot-1.38.0\language-server\BOOT-INF\lib\byte-buddy-1.10.18.jar;c:\Users\pc-gamer\.vscode\extensions\pivotal.vscode-spring-boot-1.38.0\language-server\BOOT-INF\lib\caffeine-2.8.6.jar;c:\Users\pc-gamer\.vscode\extensions\pivotal.vscode-spring-boot-1.38.0\language-server\BOOT-INF\lib\checker-qual-3.12.0.jar;c:\Users\pc-gamer\.vscode\extensions\pivotal.vscode-spring-boot-1.38.0\language-server\BOOT-INF\lib\classgraph-4.8.149.jar;c:\Users\pc-gamer\.vscode\extensions\pivotal.vscode-spring-boot-1.38.0\language-server\BOOT-INF\lib\commons-codec-1.14.jar;c:\Users\pc-gamer\.vscode\extensions\pivotal.vscode-spring-boot-1.38.0\language-server\BOOT-INF\lib\commons-compress-1.21.jar;c:\Users\pc-gamer\.vscode\extensions\pivotal.vscode-spring-boot-1.38.0\language-server\BOOT-INF\lib\commons-exec-1.3.jar;c:\Users\pc-gamer\.vscode\extensions\pivotal.vscode-
Launcher Type: SUN_STANDARD

[Global flags]
     intx CICompilerCount                          = 4                                         {product} {ergonomic}
     uint ConcGCThreads                            = 3                                         {product} {ergonomic}
     uint G1ConcRefinementThreads                  = 10                                        {product} {ergonomic}
   size_t G1HeapRegionSize                         = 2097152                                   {product} {ergonomic}
    uintx GCDrainStackTargetSize                   = 64                                        {product} {ergonomic}
   size_t InitialHeapSize                          = 232783872                                 {product} {ergonomic}
   size_t MarkStackSize                            = 4194304                                   {product} {ergonomic}
   size_t MaxHeapSize                              = 3724541952                                {product} {ergonomic}
   size_t MaxNewSize                               = 2233466880                                {product} {ergonomic}
   size_t MinHeapDeltaBytes                        = 2097152                                   {product} {ergonomic}
   size_t MinHeapSize                              = 8388608                                   {product} {ergonomic}
    uintx NonProfiledCodeHeapSize                  = 0                                      {pd product} {ergonomic}
     bool ProfileInterpreter                       = false                                  {pd product} {command line}
    uintx ProfiledCodeHeapSize                     = 0                                      {pd product} {ergonomic}
   size_t SoftMaxHeapSize                          = 3724541952                             {manageable} {ergonomic}
     intx TieredStopAtLevel                        = 1                                         {product} {command line}
     bool UseCompressedClassPointers               = true                           {product lp64_product} {ergonomic}
     bool UseCompressedOops                        = true                           {product lp64_product} {ergonomic}
     bool UseG1GC                                  = true                                      {product} {ergonomic}
     bool UseLargePagesIndividualAllocation        = false                                  {pd product} {ergonomic}

Logging:
Log output configuration:
 #0: stdout all=warning uptime,level,tags
 #1: stderr all=off uptime,level,tags

Environment Variables:
PATH=C:\app\pc-gamer\product\21c\dbhomeXE\bin;C:\Program Files\Common Files\Oracle\Java\javapath;C:\WINDOWS\system32;C:\WINDOWS;C:\WINDOWS\System32\Wbem;C:\WINDOWS\System32\WindowsPowerShell\v1.0\;C:\WINDOWS\System32\OpenSSH\;C:\Program Files\Git\cmd;C:\Program Files\nodejs\;C:\Users\pc-gamer\AppData\Local\Microsoft\WindowsApps;C:\Users\pc-gamer\AppData\Local\Programs\Microsoft VS Code\bin;C:\Users\pc-gamer\AppData\Roaming\npm;C:\Program Files\JetBrains\IntelliJ IDEA Community Edition 2022.1.3\bin;;C:\Users\pc-gamer\apache-maven-3.8.6\bin;
USERNAME=pc-gamer
OS=Windows_NT
PROCESSOR_IDENTIFIER=AMD64 Family 25 Model 80 Stepping 0, AuthenticAMD



---------------  S Y S T E M  ---------------

OS:
 Windows 11 , 64 bit Build 22000 (10.0.22000.675)
OS uptime: 13 days 16:25 hours

CPU: total 12 (initial active 12) (12 cores per cpu, 2 threads per core) family 25 model 80 stepping 0 microcode 0x0, cx8, cmov, fxsr, ht, mmx, 3dnowpref, sse, sse2, sse3, ssse3, sse4a, sse4.1, sse4.2, popcnt, lzcnt, tsc, tscinvbit, avx, avx2, aes, erms, clmul, bmi1, bmi2, adx, sha, fma, vzeroupper, clflush, clflushopt

Memory: 4k page, system-wide physical 14206M (2506M free)
TotalPageFile size 57214M (AvailPageFile size 21M)
current process WorkingSet (physical memory assigned to process): 137M, peak: 738M
current process commit charge ("private bytes"): 293M, peak: 772M

vm_info: OpenJDK 64-Bit Server VM (17.0.3+7) for windows-amd64 JRE (17.0.3+7), built on Apr 19 2022 16:55:35 by "" with MS VC++ 16.7 (VS2019)

END.
